[16/Feb/2022:20:02:32] (I): WordPress Instance Info:
[16/Feb/2022:20:02:32] (I): Home URL : http://localhost:8080
[16/Feb/2022:20:02:32] (I): Site URL : http://localhost:8080
[16/Feb/2022:20:02:32] (I): WordPress Version : 5.9
[16/Feb/2022:20:02:32] (I): Onboarding Version : 1.1.20
[16/Feb/2022:20:02:32] (I): Multisite : No
[16/Feb/2022:20:02:32] (I): Server Info : Apache/2.4.52 (Debian)
[16/Feb/2022:20:02:32] (I): PHP Version : 7.4.27
[16/Feb/2022:20:02:32] (I): HTTPS : No
[16/Feb/2022:20:02:32] (I): PHP Max Execution Time : 30
[16/Feb/2022:20:02:32] (I): PHP Max Input Vars : 1000
[16/Feb/2022:20:02:32] (I): Max Upload Size : 2097152
[16/Feb/2022:20:02:32] (I): Plugins:
[16/Feb/2022:20:02:32] (I): [PLUGIN] Elementor : v3.5.5 (Elementor.com)
[16/Feb/2022:20:02:32] (I): [PLUGIN] ElementsKit Lite : v2.5.3 (Wpmet)
[16/Feb/2022:20:02:32] (I): [PLUGIN] Gutenberg Blocks and Template Library by Otter : v1.7.5 (ThemeIsle)
[16/Feb/2022:20:02:32] (I): [PLUGIN] Templates Patterns Collection : v1.1.20 (ThemeIsle)
[16/Feb/2022:20:02:32] (I): [PLUGIN] WooCommerce : v6.2.0 (Automattic)
[16/Feb/2022:20:02:32] (P): Saving remote XML
[16/Feb/2022:20:02:32] (S): Saved remote XML at path /var/www/html/wp-content/uploads/themeisle-demo-import.xml.
[16/Feb/2022:20:02:32] (P): Starting content import...
[16/Feb/2022:20:02:32] (S): Import started.
[16/Feb/2022:20:02:32] (S): Parsing XML file.
[16/Feb/2022:20:02:32] (P): Starting parsing file:/var/www/html/wp-content/uploads/themeisle-demo-import.xml
[16/Feb/2022:20:02:32] (P): Using WXR_Parser_SimpleXML...
[16/Feb/2022:20:02:33] (S): Parsed XML
[16/Feb/2022:20:02:33] (P): Processing categories...
[16/Feb/2022:20:02:33] (S): Processed categories.
[16/Feb/2022:20:02:33] (P): Processing tags...
[16/Feb/2022:20:02:33] (S): No tags to process.
[16/Feb/2022:20:02:33] (P): Processing terms...
[16/Feb/2022:20:02:41] (S): Processed terms.
[16/Feb/2022:20:02:41] (P): Processing posts...
[16/Feb/2022:20:02:41] (P): Processing attachment: https://s33834.pcdn.co/electronic-store-gb/wp-content/uploads/sites/546/2020/02/neve-electronics-store-02.jpg...
[16/Feb/2022:20:02:41] (P): Fetching attachment from url: https://s33834.pcdn.co/electronic-store-gb/wp-content/uploads/sites/546/2020/02/neve-electronics-store-02.jpg...
[16/Feb/2022:20:02:43] (S): Fetched remote attachment.
[16/Feb/2022:20:02:43] (P): Inserting attachment...
[16/Feb/2022:20:02:43] (S): Attachment inserted
[16/Feb/2022:20:02:43] (S): Processed attachment.
[16/Feb/2022:20:02:43] (P): Processing attachment: https://s33834.pcdn.co/electronic-store-gb/wp-content/uploads/sites/546/2020/02/neve-electronics-store-03.jpg...
[16/Feb/2022:20:02:43] (P): Fetching attachment from url: https://s33834.pcdn.co/electronic-store-gb/wp-content/uploads/sites/546/2020/02/neve-electronics-store-03.jpg...
[16/Feb/2022:20:02:44] (S): Fetched remote attachment.
[16/Feb/2022:20:02:44] (P): Inserting attachment...
[16/Feb/2022:20:02:45] (S): Attachment inserted
[16/Feb/2022:20:02:45] (S): Processed attachment.
[16/Feb/2022:20:02:45] (P): Processing attachment: https://s33834.pcdn.co/electronic-store-gb/wp-content/uploads/sites/546/2020/02/neve-electronics-store-07.jpg...
[16/Feb/2022:20:02:45] (P): Fetching attachment from url: https://s33834.pcdn.co/electronic-store-gb/wp-content/uploads/sites/546/2020/02/neve-electronics-store-07.jpg...
[16/Feb/2022:20:02:46] (S): Fetched remote attachment.
[16/Feb/2022:20:02:46] (P): Inserting attachment...
[16/Feb/2022:20:02:46] (S): Attachment inserted
[16/Feb/2022:20:02:47] (S): Processed attachment.
[16/Feb/2022:20:02:47] (P): Processing attachment: https://s33834.pcdn.co/electronic-store-gb/wp-content/uploads/sites/546/2020/02/neve-electronics-store-08.jpg...
[16/Feb/2022:20:02:47] (P): Fetching attachment from url: https://s33834.pcdn.co/electronic-store-gb/wp-content/uploads/sites/546/2020/02/neve-electronics-store-08.jpg...
[16/Feb/2022:20:02:47] (S): Fetched remote attachment.
[16/Feb/2022:20:02:47] (P): Inserting attachment...
[16/Feb/2022:20:02:48] (S): Attachment inserted
[16/Feb/2022:20:02:48] (S): Processed attachment.
[16/Feb/2022:20:02:48] (P): Processing attachment: https://s33834.pcdn.co/electronic-store-gb/wp-content/uploads/sites/546/2020/02/neve-electronics-store-17.jpg...
[16/Feb/2022:20:02:48] (P): Fetching attachment from url: https://s33834.pcdn.co/electronic-store-gb/wp-content/uploads/sites/546/2020/02/neve-electronics-store-17.jpg...
[16/Feb/2022:20:02:49] (S): Fetched remote attachment.
[16/Feb/2022:20:02:49] (P): Inserting attachment...
[16/Feb/2022:20:02:49] (S): Attachment inserted
[16/Feb/2022:20:02:49] (S): Processed attachment.
[16/Feb/2022:20:02:50] (P): Processing attachment: https://s33834.pcdn.co/electronic-store-gb/wp-content/uploads/sites/546/2020/02/neve-electronics-store-18.jpg...
[16/Feb/2022:20:02:50] (P): Fetching attachment from url: https://s33834.pcdn.co/electronic-store-gb/wp-content/uploads/sites/546/2020/02/neve-electronics-store-18.jpg...
[16/Feb/2022:20:02:51] (S): Fetched remote attachment.
[16/Feb/2022:20:02:51] (P): Inserting attachment...
[16/Feb/2022:20:02:51] (S): Attachment inserted
[16/Feb/2022:20:02:51] (S): Processed attachment.
[16/Feb/2022:20:02:51] (P): Processing attachment: https://s33834.pcdn.co/electronic-store-gb/wp-content/uploads/sites/546/2020/02/neve-electronics-store-19.jpg...
[16/Feb/2022:20:02:51] (P): Fetching attachment from url: https://s33834.pcdn.co/electronic-store-gb/wp-content/uploads/sites/546/2020/02/neve-electronics-store-19.jpg...
[16/Feb/2022:20:02:52] (S): Fetched remote attachment.
[16/Feb/2022:20:02:52] (P): Inserting attachment...
[16/Feb/2022:20:02:53] (S): Attachment inserted
[16/Feb/2022:20:02:53] (S): Processed attachment.
[16/Feb/2022:20:02:53] (P): Processing attachment: https://s33834.pcdn.co/electronic-store-gb/wp-content/uploads/sites/546/2020/02/neve-electronics-store-20.jpg...
[16/Feb/2022:20:02:53] (P): Fetching attachment from url: https://s33834.pcdn.co/electronic-store-gb/wp-content/uploads/sites/546/2020/02/neve-electronics-store-20.jpg...
[16/Feb/2022:20:02:54] (S): Fetched remote attachment.
[16/Feb/2022:20:02:54] (P): Inserting attachment...
[16/Feb/2022:20:02:54] (S): Attachment inserted
[16/Feb/2022:20:02:54] (S): Processed attachment.
[16/Feb/2022:20:02:54] (P): Processing attachment: https://s33834.pcdn.co/electronic-store-gb/wp-content/uploads/sites/546/2020/02/neve-electronics-store-21.jpg...
[16/Feb/2022:20:02:54] (P): Fetching attachment from url: https://s33834.pcdn.co/electronic-store-gb/wp-content/uploads/sites/546/2020/02/neve-electronics-store-21.jpg...
[16/Feb/2022:20:02:55] (S): Fetched remote attachment.
[16/Feb/2022:20:02:55] (P): Inserting attachment...
[16/Feb/2022:20:02:55] (S): Attachment inserted
[16/Feb/2022:20:02:55] (S): Processed attachment.
[16/Feb/2022:20:02:55] (P): Processing attachment: https://s33834.pcdn.co/electronic-store-gb/wp-content/uploads/sites/546/2020/02/neve-electronics-store-22.jpg...
[16/Feb/2022:20:02:55] (P): Fetching attachment from url: https://s33834.pcdn.co/electronic-store-gb/wp-content/uploads/sites/546/2020/02/neve-electronics-store-22.jpg...
[16/Feb/2022:20:02:56] (S): Fetched remote attachment.
[16/Feb/2022:20:02:56] (P): Inserting attachment...
[16/Feb/2022:20:02:56] (S): Attachment inserted
[16/Feb/2022:20:02:56] (S): Processed attachment.
[16/Feb/2022:20:02:57] (P): Processing attachment: https://s33834.pcdn.co/electronic-store-gb/wp-content/uploads/sites/546/2020/02/neve-electronics-store-24.jpg...
[16/Feb/2022:20:02:57] (P): Fetching attachment from url: https://s33834.pcdn.co/electronic-store-gb/wp-content/uploads/sites/546/2020/02/neve-electronics-store-24.jpg...
[16/Feb/2022:20:02:57] (S): Fetched remote attachment.
[16/Feb/2022:20:02:57] (P): Inserting attachment...
[16/Feb/2022:20:02:58] (S): Attachment inserted
[16/Feb/2022:20:02:58] (S): Processed attachment.
[16/Feb/2022:20:02:58] (P): Processing attachment: https://s33834.pcdn.co/electronic-store-gb/wp-content/uploads/sites/546/2020/02/neve-electronics-store-26.jpg...
[16/Feb/2022:20:02:58] (P): Fetching attachment from url: https://s33834.pcdn.co/electronic-store-gb/wp-content/uploads/sites/546/2020/02/neve-electronics-store-26.jpg...
[16/Feb/2022:20:02:58] (S): Fetched remote attachment.
[16/Feb/2022:20:02:58] (P): Inserting attachment...
[16/Feb/2022:20:02:59] (S): Attachment inserted
[16/Feb/2022:20:02:59] (S): Processed attachment.
[16/Feb/2022:20:02:59] (P): Processing attachment: https://s33834.pcdn.co/electronic-store-gb/wp-content/uploads/sites/546/2020/02/neve-electronics-store-27.jpg...
[16/Feb/2022:20:02:59] (P): Fetching attachment from url: https://s33834.pcdn.co/electronic-store-gb/wp-content/uploads/sites/546/2020/02/neve-electronics-store-27.jpg...
[16/Feb/2022:20:02:59] (S): Fetched remote attachment.
[16/Feb/2022:20:02:59] (P): Inserting attachment...
[16/Feb/2022:20:03:00] (S): Attachment inserted
[16/Feb/2022:20:03:00] (S): Processed attachment.
[16/Feb/2022:20:03:00] (P): Processing attachment: https://s33834.pcdn.co/electronic-store-gb/wp-content/uploads/sites/546/2020/03/neve-electronics-store-29-1.jpg...
[16/Feb/2022:20:03:00] (P): Fetching attachment from url: https://s33834.pcdn.co/electronic-store-gb/wp-content/uploads/sites/546/2020/03/neve-electronics-store-29-1.jpg...
[16/Feb/2022:20:03:00] (S): Fetched remote attachment.
[16/Feb/2022:20:03:00] (P): Inserting attachment...
[16/Feb/2022:20:03:00] (S): Attachment inserted
[16/Feb/2022:20:03:01] (S): Processed attachment.
[16/Feb/2022:20:03:01] (P): Processing attachment: https://s33834.pcdn.co/electronic-store-gb/wp-content/uploads/sites/546/2020/03/neve-electronics-store-30-1.jpg...
[16/Feb/2022:20:03:01] (P): Fetching attachment from url: https://s33834.pcdn.co/electronic-store-gb/wp-content/uploads/sites/546/2020/03/neve-electronics-store-30-1.jpg...
[16/Feb/2022:20:03:01] (S): Fetched remote attachment.
[16/Feb/2022:20:03:01] (P): Inserting attachment...
[16/Feb/2022:20:03:01] (S): Attachment inserted
[16/Feb/2022:20:03:02] (S): Processed attachment.
[16/Feb/2022:20:03:02] (P): Processing attachment: https://s33834.pcdn.co/electronic-store-gb/wp-content/uploads/sites/546/2020/03/neve-electronics-store-31-1.jpg...
[16/Feb/2022:20:03:02] (P): Fetching attachment from url: https://s33834.pcdn.co/electronic-store-gb/wp-content/uploads/sites/546/2020/03/neve-electronics-store-31-1.jpg...
[16/Feb/2022:20:03:02] (S): Fetched remote attachment.
[16/Feb/2022:20:03:02] (P): Inserting attachment...
[16/Feb/2022:20:03:02] (S): Attachment inserted
[16/Feb/2022:20:03:02] (S): Processed attachment.
[16/Feb/2022:20:03:02] (P): Processing attachment: https://s33834.pcdn.co/electronic-store-gb/wp-content/uploads/sites/546/2020/03/neve-electronics-store-map.jpg...
[16/Feb/2022:20:03:02] (P): Fetching attachment from url: https://s33834.pcdn.co/electronic-store-gb/wp-content/uploads/sites/546/2020/03/neve-electronics-store-map.jpg...
[16/Feb/2022:20:03:03] (S): Fetched remote attachment.
[16/Feb/2022:20:03:03] (P): Inserting attachment...
[16/Feb/2022:20:03:03] (S): Attachment inserted
[16/Feb/2022:20:03:03] (S): Processed attachment.
[16/Feb/2022:20:03:04] (P): Processing attachment: https://s33834.pcdn.co/electronic-store-gb/wp-content/uploads/sites/546/2020/03/neve-electronics-store-38.jpg...
[16/Feb/2022:20:03:04] (P): Fetching attachment from url: https://s33834.pcdn.co/electronic-store-gb/wp-content/uploads/sites/546/2020/03/neve-electronics-store-38.jpg...
[16/Feb/2022:20:03:04] (S): Fetched remote attachment.
[16/Feb/2022:20:03:04] (P): Inserting attachment...
[16/Feb/2022:20:03:05] (S): Attachment inserted
[16/Feb/2022:20:03:05] (S): Processed attachment.
[16/Feb/2022:20:03:05] (P): Processing attachment: https://s33834.pcdn.co/electronic-store-gb/wp-content/uploads/sites/546/2020/03/neve-electronics-store-42.jpg...
[16/Feb/2022:20:03:05] (P): Fetching attachment from url: https://s33834.pcdn.co/electronic-store-gb/wp-content/uploads/sites/546/2020/03/neve-electronics-store-42.jpg...
[16/Feb/2022:20:03:05] (S): Fetched remote attachment.
[16/Feb/2022:20:03:05] (P): Inserting attachment...
[16/Feb/2022:20:03:06] (S): Attachment inserted
[16/Feb/2022:20:03:06] (S): Processed attachment.
[16/Feb/2022:20:03:06] (P): Processing attachment: https://s33834.pcdn.co/electronic-store-gb/wp-content/uploads/sites/546/2020/03/neve-electronics-store-43.jpg...
[16/Feb/2022:20:03:06] (P): Fetching attachment from url: https://s33834.pcdn.co/electronic-store-gb/wp-content/uploads/sites/546/2020/03/neve-electronics-store-43.jpg...
[16/Feb/2022:20:03:06] (S): Fetched remote attachment.
[16/Feb/2022:20:03:06] (P): Inserting attachment...
[16/Feb/2022:20:03:06] (S): Attachment inserted
[16/Feb/2022:20:03:06] (S): Processed attachment.
[16/Feb/2022:20:03:06] (P): Processing attachment: https://s33834.pcdn.co/electronic-store-gb/wp-content/uploads/sites/546/2020/03/neve-electronics-store-45.jpg...
[16/Feb/2022:20:03:06] (P): Fetching attachment from url: https://s33834.pcdn.co/electronic-store-gb/wp-content/uploads/sites/546/2020/03/neve-electronics-store-45.jpg...
[16/Feb/2022:20:03:07] (S): Fetched remote attachment.
[16/Feb/2022:20:03:07] (P): Inserting attachment...
[16/Feb/2022:20:03:07] (S): Attachment inserted
[16/Feb/2022:20:03:07] (S): Processed attachment.
[16/Feb/2022:20:03:07] (P): Processing attachment: https://s33834.pcdn.co/electronic-store-gb/wp-content/uploads/sites/546/2020/03/neve-electronics-store-46.jpg...
[16/Feb/2022:20:03:07] (P): Fetching attachment from url: https://s33834.pcdn.co/electronic-store-gb/wp-content/uploads/sites/546/2020/03/neve-electronics-store-46.jpg...
[16/Feb/2022:20:03:08] (S): Fetched remote attachment.
[16/Feb/2022:20:03:08] (P): Inserting attachment...
[16/Feb/2022:20:03:08] (S): Attachment inserted
[16/Feb/2022:20:03:08] (S): Processed attachment.
[16/Feb/2022:20:03:08] (P): Processing attachment: https://s33834.pcdn.co/electronic-store-gb/wp-content/uploads/sites/546/2020/03/neve-electronics-store-47.jpg...
[16/Feb/2022:20:03:08] (P): Fetching attachment from url: https://s33834.pcdn.co/electronic-store-gb/wp-content/uploads/sites/546/2020/03/neve-electronics-store-47.jpg...
[16/Feb/2022:20:03:09] (S): Fetched remote attachment.
[16/Feb/2022:20:03:09] (P): Inserting attachment...
[16/Feb/2022:20:03:09] (S): Attachment inserted
[16/Feb/2022:20:03:09] (S): Processed attachment.
[16/Feb/2022:20:03:09] (P): Processing attachment: https://s33834.pcdn.co/electronic-store-gb/wp-content/uploads/sites/546/2020/03/neve-electronics-store-48.jpg...
[16/Feb/2022:20:03:09] (P): Fetching attachment from url: https://s33834.pcdn.co/electronic-store-gb/wp-content/uploads/sites/546/2020/03/neve-electronics-store-48.jpg...
[16/Feb/2022:20:03:10] (S): Fetched remote attachment.
[16/Feb/2022:20:03:10] (P): Inserting attachment...
[16/Feb/2022:20:03:10] (S): Attachment inserted
[16/Feb/2022:20:03:10] (S): Processed attachment.
[16/Feb/2022:20:03:10] (P): Processing attachment: https://s33834.pcdn.co/electronic-store-gb/wp-content/uploads/sites/546/2020/03/neve-electronics-store-49.jpg...
[16/Feb/2022:20:03:10] (P): Fetching attachment from url: https://s33834.pcdn.co/electronic-store-gb/wp-content/uploads/sites/546/2020/03/neve-electronics-store-49.jpg...
[16/Feb/2022:20:03:11] (S): Fetched remote attachment.
[16/Feb/2022:20:03:11] (P): Inserting attachment...
[16/Feb/2022:20:03:11] (S): Attachment inserted
[16/Feb/2022:20:03:11] (S): Processed attachment.
[16/Feb/2022:20:03:11] (P): Processing attachment: https://s33834.pcdn.co/electronic-store-gb/wp-content/uploads/sites/546/2020/03/neve-electronics-icon.png...
[16/Feb/2022:20:03:11] (P): Fetching attachment from url: https://s33834.pcdn.co/electronic-store-gb/wp-content/uploads/sites/546/2020/03/neve-electronics-icon.png...
[16/Feb/2022:20:03:11] (S): Fetched remote attachment.
[16/Feb/2022:20:03:11] (P): Inserting attachment...
[16/Feb/2022:20:03:12] (S): Attachment inserted
[16/Feb/2022:20:03:12] (S): Processed attachment.
[16/Feb/2022:20:03:12] (P): Processing attachment: https://s33834.pcdn.co/electronic-store-gb/wp-content/uploads/sites/546/woocommerce-placeholder.png...
[16/Feb/2022:20:03:12] (P): Fetching attachment from url: https://s33834.pcdn.co/electronic-store-gb/wp-content/uploads/sites/546/woocommerce-placeholder.png...
[16/Feb/2022:20:03:12] (S): Fetched remote attachment.
[16/Feb/2022:20:03:12] (P): Inserting attachment...
[16/Feb/2022:20:03:13] (S): Attachment inserted
[16/Feb/2022:20:03:13] (S): Processed attachment.
[16/Feb/2022:20:03:13] (P): Processing attachment: https://s33834.pcdn.co/electronic-store-gb/wp-content/uploads/sites/546/2020/06/AM_mc_vs_dc_ae.jpg...
[16/Feb/2022:20:03:13] (P): Fetching attachment from url: https://s33834.pcdn.co/electronic-store-gb/wp-content/uploads/sites/546/2020/06/AM_mc_vs_dc_ae.jpg...
[16/Feb/2022:20:03:13] (S): Fetched remote attachment.
[16/Feb/2022:20:03:13] (P): Inserting attachment...
[16/Feb/2022:20:03:13] (S): Attachment inserted
[16/Feb/2022:20:03:13] (S): Processed attachment.
[16/Feb/2022:20:03:14] (P): Processing attachment: https://s33834.pcdn.co/electronic-store-gb/wp-content/uploads/sites/546/2020/07/elec-img1-1.png...
[16/Feb/2022:20:03:14] (P): Fetching attachment from url: https://s33834.pcdn.co/electronic-store-gb/wp-content/uploads/sites/546/2020/07/elec-img1-1.png...
[16/Feb/2022:20:03:14] (S): Fetched remote attachment.
[16/Feb/2022:20:03:14] (P): Inserting attachment...
[16/Feb/2022:20:03:14] (S): Attachment inserted
[16/Feb/2022:20:03:15] (S): Processed attachment.
[16/Feb/2022:20:03:15] (P): Processing attachment: https://s33834.pcdn.co/electronic-store-gb/wp-content/uploads/sites/546/2020/07/elec-bg1.png...
[16/Feb/2022:20:03:15] (P): Fetching attachment from url: https://s33834.pcdn.co/electronic-store-gb/wp-content/uploads/sites/546/2020/07/elec-bg1.png...
[16/Feb/2022:20:03:16] (S): Fetched remote attachment.
[16/Feb/2022:20:03:16] (P): Inserting attachment...
[16/Feb/2022:20:03:16] (S): Attachment inserted
[16/Feb/2022:20:03:16] (S): Processed attachment.
[16/Feb/2022:20:03:16] (P): Processing attachment: https://s33834.pcdn.co/electronic-store-gb/wp-content/uploads/sites/546/2020/07/elec-bg1-1.png...
[16/Feb/2022:20:03:16] (P): Fetching attachment from url: https://s33834.pcdn.co/electronic-store-gb/wp-content/uploads/sites/546/2020/07/elec-bg1-1.png...
[16/Feb/2022:20:03:17] (S): Fetched remote attachment.
[16/Feb/2022:20:03:17] (P): Inserting attachment...
[16/Feb/2022:20:03:17] (S): Attachment inserted
[16/Feb/2022:20:03:17] (S): Processed attachment.
[16/Feb/2022:20:03:17] (P): Processing attachment: https://s33834.pcdn.co/electronic-store-gb/wp-content/uploads/sites/546/2020/07/elec-bg2.png...
[16/Feb/2022:20:03:17] (P): Fetching attachment from url: https://s33834.pcdn.co/electronic-store-gb/wp-content/uploads/sites/546/2020/07/elec-bg2.png...
[16/Feb/2022:20:03:18] (S): Fetched remote attachment.
[16/Feb/2022:20:03:18] (P): Inserting attachment...
[16/Feb/2022:20:03:18] (S): Attachment inserted
[16/Feb/2022:20:03:19] (S): Processed attachment.
[16/Feb/2022:20:03:19] (P): Processing attachment: https://s33834.pcdn.co/electronic-store-gb/wp-content/uploads/sites/546/2020/07/elec-bg3.png...
[16/Feb/2022:20:03:19] (P): Fetching attachment from url: https://s33834.pcdn.co/electronic-store-gb/wp-content/uploads/sites/546/2020/07/elec-bg3.png...
[16/Feb/2022:20:03:19] (S): Fetched remote attachment.
[16/Feb/2022:20:03:19] (P): Inserting attachment...
[16/Feb/2022:20:03:20] (S): Attachment inserted
[16/Feb/2022:20:03:20] (S): Processed attachment.
[16/Feb/2022:20:03:20] (P): Processing attachment: https://s33834.pcdn.co/electronic-store-gb/wp-content/uploads/sites/546/2020/07/elec-bg4.png...
[16/Feb/2022:20:03:20] (P): Fetching attachment from url: https://s33834.pcdn.co/electronic-store-gb/wp-content/uploads/sites/546/2020/07/elec-bg4.png...
[16/Feb/2022:20:03:21] (S): Fetched remote attachment.
[16/Feb/2022:20:03:21] (P): Inserting attachment...
[16/Feb/2022:20:03:21] (S): Attachment inserted
[16/Feb/2022:20:03:21] (S): Processed attachment.
[16/Feb/2022:20:03:21] (P): Processing attachment: https://s33834.pcdn.co/electronic-store-gb/wp-content/uploads/sites/546/2020/07/elec-bg6.png...
[16/Feb/2022:20:03:21] (P): Fetching attachment from url: https://s33834.pcdn.co/electronic-store-gb/wp-content/uploads/sites/546/2020/07/elec-bg6.png...
[16/Feb/2022:20:03:22] (S): Fetched remote attachment.
[16/Feb/2022:20:03:22] (P): Inserting attachment...
[16/Feb/2022:20:03:22] (S): Attachment inserted
[16/Feb/2022:20:03:22] (S): Processed attachment.
[16/Feb/2022:20:03:22] (P): Processing attachment: https://s33834.pcdn.co/electronic-store-gb/wp-content/uploads/sites/546/2020/07/elec-bg7.png...
[16/Feb/2022:20:03:22] (P): Fetching attachment from url: https://s33834.pcdn.co/electronic-store-gb/wp-content/uploads/sites/546/2020/07/elec-bg7.png...
[16/Feb/2022:20:03:23] (S): Fetched remote attachment.
[16/Feb/2022:20:03:23] (P): Inserting attachment...
[16/Feb/2022:20:03:23] (S): Attachment inserted
[16/Feb/2022:20:03:23] (S): Processed attachment.
[16/Feb/2022:20:03:23] (P): Processing attachment: https://s33834.pcdn.co/electronic-store-gb/wp-content/uploads/sites/546/2020/07/elec-map.png...
[16/Feb/2022:20:03:23] (P): Fetching attachment from url: https://s33834.pcdn.co/electronic-store-gb/wp-content/uploads/sites/546/2020/07/elec-map.png...
[16/Feb/2022:20:03:24] (S): Fetched remote attachment.
[16/Feb/2022:20:03:24] (P): Inserting attachment...
[16/Feb/2022:20:03:25] (S): Attachment inserted
[16/Feb/2022:20:03:25] (S): Processed attachment.
[16/Feb/2022:20:03:25] (P): Processing attachment: https://s33834.pcdn.co/electronic-store-gb/wp-content/uploads/sites/546/2020/07/elec-img10.png...
[16/Feb/2022:20:03:25] (P): Fetching attachment from url: https://s33834.pcdn.co/electronic-store-gb/wp-content/uploads/sites/546/2020/07/elec-img10.png...
[16/Feb/2022:20:03:25] (S): Fetched remote attachment.
[16/Feb/2022:20:03:25] (P): Inserting attachment...
[16/Feb/2022:20:03:26] (S): Attachment inserted
[16/Feb/2022:20:03:26] (S): Processed attachment.
[16/Feb/2022:20:03:26] (P): Processing attachment: https://s33834.pcdn.co/electronic-store-gb/wp-content/uploads/sites/546/2020/07/elec-img12.png...
[16/Feb/2022:20:03:26] (P): Fetching attachment from url: https://s33834.pcdn.co/electronic-store-gb/wp-content/uploads/sites/546/2020/07/elec-img12.png...
[16/Feb/2022:20:03:26] (S): Fetched remote attachment.
[16/Feb/2022:20:03:26] (P): Inserting attachment...
[16/Feb/2022:20:03:26] (S): Attachment inserted
[16/Feb/2022:20:03:26] (S): Processed attachment.
[16/Feb/2022:20:03:26] (P): Processing attachment: https://s33834.pcdn.co/electronic-store-gb/wp-content/uploads/sites/546/2020/07/elec-bg6-1.png...
[16/Feb/2022:20:03:26] (P): Fetching attachment from url: https://s33834.pcdn.co/electronic-store-gb/wp-content/uploads/sites/546/2020/07/elec-bg6-1.png...
[16/Feb/2022:20:03:27] (S): Fetched remote attachment.
[16/Feb/2022:20:03:27] (P): Inserting attachment...
[16/Feb/2022:20:03:27] (S): Attachment inserted
[16/Feb/2022:20:03:27] (S): Processed attachment.
[16/Feb/2022:20:03:27] (P): Inserting page: Cart .
[16/Feb/2022:20:03:27] (S): Done inserting page: Cart .
[16/Feb/2022:20:03:28] (P): Inserting page: Checkout .
[16/Feb/2022:20:03:28] (S): Done inserting page: Checkout .
[16/Feb/2022:20:03:28] (P): Processing single menu item ' Product Page '...
[16/Feb/2022:20:03:28] (P): Processing single menu item ' '...
[16/Feb/2022:20:03:28] (P): Processing single menu item ' '...
[16/Feb/2022:20:03:28] (P): Processing single menu item ' '...
[16/Feb/2022:20:03:28] (P): Processing single menu item ' '...
[16/Feb/2022:20:03:28] (P): Inserting custom_css: neve .
[16/Feb/2022:20:03:29] (S): Done inserting custom_css: neve .
[16/Feb/2022:20:03:29] (P): Processing single menu item ' '...
[16/Feb/2022:20:03:29] (P): Processing attachment: https://s33834.pcdn.co/electronic-store-gb/wp-content/uploads/sites/546/2020/07/elec-bg.jpg...
[16/Feb/2022:20:03:29] (P): Fetching attachment from url: https://s33834.pcdn.co/electronic-store-gb/wp-content/uploads/sites/546/2020/07/elec-bg.jpg...
[16/Feb/2022:20:03:29] (S): Fetched remote attachment.
[16/Feb/2022:20:03:29] (P): Inserting attachment...
[16/Feb/2022:20:03:30] (S): Attachment inserted
[16/Feb/2022:20:03:30] (S): Processed attachment.
[16/Feb/2022:20:03:30] (P): Processing attachment: https://s33834.pcdn.co/electronic-store-gb/wp-content/uploads/sites/546/2020/07/neve-electronics-store-01.jpg...
[16/Feb/2022:20:03:30] (P): Fetching attachment from url: https://s33834.pcdn.co/electronic-store-gb/wp-content/uploads/sites/546/2020/07/neve-electronics-store-01.jpg...
[16/Feb/2022:20:03:31] (S): Fetched remote attachment.
[16/Feb/2022:20:03:31] (P): Inserting attachment...
[16/Feb/2022:20:03:31] (S): Attachment inserted
[16/Feb/2022:20:03:31] (S): Processed attachment.
[16/Feb/2022:20:03:31] (P): Processing attachment: https://s33834.pcdn.co/electronic-store-gb/wp-content/uploads/sites/546/2020/07/new-bg.png...
[16/Feb/2022:20:03:31] (P): Fetching attachment from url: https://s33834.pcdn.co/electronic-store-gb/wp-content/uploads/sites/546/2020/07/new-bg.png...
[16/Feb/2022:20:03:32] (S): Fetched remote attachment.
[16/Feb/2022:20:03:32] (P): Inserting attachment...
[16/Feb/2022:20:03:33] (S): Attachment inserted
[16/Feb/2022:20:03:33] (S): Processed attachment.
[16/Feb/2022:20:03:33] (P): Processing attachment: https://s33834.pcdn.co/electronic-store-gb/wp-content/uploads/sites/546/2020/03/photo-store-01.png...
[16/Feb/2022:20:03:33] (P): Fetching attachment from url: https://s33834.pcdn.co/electronic-store-gb/wp-content/uploads/sites/546/2020/03/photo-store-01.png...
[16/Feb/2022:20:03:33] (S): Fetched remote attachment.
[16/Feb/2022:20:03:33] (P): Inserting attachment...
[16/Feb/2022:20:03:34] (S): Attachment inserted
[16/Feb/2022:20:03:34] (S): Processed attachment.
[16/Feb/2022:20:03:34] (P): Processing attachment: https://s33834.pcdn.co/electronic-store-gb/wp-content/uploads/sites/546/2020/03/photo-store-02.png...
[16/Feb/2022:20:03:34] (P): Fetching attachment from url: https://s33834.pcdn.co/electronic-store-gb/wp-content/uploads/sites/546/2020/03/photo-store-02.png...
[16/Feb/2022:20:03:34] (S): Fetched remote attachment.
[16/Feb/2022:20:03:34] (P): Inserting attachment...
[16/Feb/2022:20:03:35] (S): Attachment inserted
[16/Feb/2022:20:03:35] (S): Processed attachment.
[16/Feb/2022:20:03:35] (P): Processing attachment: https://s33834.pcdn.co/electronic-store-gb/wp-content/uploads/sites/546/2020/03/photo-store-03.png...
[16/Feb/2022:20:03:35] (P): Fetching attachment from url: https://s33834.pcdn.co/electronic-store-gb/wp-content/uploads/sites/546/2020/03/photo-store-03.png...
[16/Feb/2022:20:03:36] (S): Fetched remote attachment.
[16/Feb/2022:20:03:36] (P): Inserting attachment...
[16/Feb/2022:20:03:36] (S): Attachment inserted
[16/Feb/2022:20:03:36] (S): Processed attachment.
[16/Feb/2022:20:03:36] (P): Processing attachment: https://s33834.pcdn.co/electronic-store-gb/wp-content/uploads/sites/546/2020/03/photo-store-04.png...
[16/Feb/2022:20:03:36] (P): Fetching attachment from url: https://s33834.pcdn.co/electronic-store-gb/wp-content/uploads/sites/546/2020/03/photo-store-04.png...
[16/Feb/2022:20:03:37] (S): Fetched remote attachment.
[16/Feb/2022:20:03:37] (P): Inserting attachment...
[16/Feb/2022:20:03:37] (S): Attachment inserted
[16/Feb/2022:20:03:37] (S): Processed attachment.
[16/Feb/2022:20:03:37] (P): Processing attachment: https://s33834.pcdn.co/electronic-store-gb/wp-content/uploads/sites/546/2020/03/photo-store-05.png...
[16/Feb/2022:20:03:37] (P): Fetching attachment from url: https://s33834.pcdn.co/electronic-store-gb/wp-content/uploads/sites/546/2020/03/photo-store-05.png...
[16/Feb/2022:20:03:38] (S): Fetched remote attachment.
[16/Feb/2022:20:03:38] (P): Inserting attachment...
[16/Feb/2022:20:03:38] (S): Attachment inserted
[16/Feb/2022:20:03:38] (S): Processed attachment.
[16/Feb/2022:20:03:38] (P): Processing attachment: https://s33834.pcdn.co/electronic-store-gb/wp-content/uploads/sites/546/2020/03/photo-store-06.png...
[16/Feb/2022:20:03:38] (P): Fetching attachment from url: https://s33834.pcdn.co/electronic-store-gb/wp-content/uploads/sites/546/2020/03/photo-store-06.png...
[16/Feb/2022:20:03:39] (S): Fetched remote attachment.
[16/Feb/2022:20:03:39] (P): Inserting attachment...
[16/Feb/2022:20:03:39] (S): Attachment inserted
[16/Feb/2022:20:03:39] (S): Processed attachment.
[16/Feb/2022:20:03:39] (P): Processing attachment: https://s33834.pcdn.co/electronic-store-gb/wp-content/uploads/sites/546/2021/01/neve-electronics-logo-2.png...
[16/Feb/2022:20:03:39] (P): Fetching attachment from url: https://s33834.pcdn.co/electronic-store-gb/wp-content/uploads/sites/546/2021/01/neve-electronics-logo-2.png...
[16/Feb/2022:20:03:39] (S): Fetched remote attachment.
[16/Feb/2022:20:03:39] (P): Inserting attachment...
[16/Feb/2022:20:03:39] (S): Attachment inserted
[16/Feb/2022:20:03:39] (S): Processed attachment.
[16/Feb/2022:20:03:40] (P): Processing attachment: https://s33834.pcdn.co/electronic-store-gb/wp-content/uploads/sites/546/2021/01/cropped-neve-electronics-logo-2.png...
[16/Feb/2022:20:03:40] (P): Fetching attachment from url: https://s33834.pcdn.co/electronic-store-gb/wp-content/uploads/sites/546/2021/01/cropped-neve-electronics-logo-2.png...
[16/Feb/2022:20:03:40] (S): Fetched remote attachment.
[16/Feb/2022:20:03:40] (P): Inserting attachment...
[16/Feb/2022:20:03:40] (S): Attachment inserted
[16/Feb/2022:20:03:40] (S): Processed attachment.
[16/Feb/2022:20:03:40] (P): Inserting post: Black Friday Offers .
[16/Feb/2022:20:03:40] (S): Done inserting post: Black Friday Offers .
[16/Feb/2022:20:03:41] (P): Inserting page: My account .
[16/Feb/2022:20:03:41] (S): Done inserting page: My account .
[16/Feb/2022:20:03:41] (P): Inserting product: Nikor Ultrawide .
[16/Feb/2022:20:03:41] (S): Done inserting product: Nikor Ultrawide .
[16/Feb/2022:20:03:43] (P): Inserting product: Fuji X2 .
[16/Feb/2022:20:03:43] (S): Done inserting product: Fuji X2 .
[16/Feb/2022:20:03:45] (P): Inserting product: ePad Pro .
[16/Feb/2022:20:03:45] (S): Done inserting product: ePad Pro .
[16/Feb/2022:20:03:47] (P): Inserting product: Canom 9 Vintaje .
[16/Feb/2022:20:03:48] (S): Done inserting product: Canom 9 Vintaje .
[16/Feb/2022:20:03:51] (P): Inserting product: Camera Zi Backpack .
[16/Feb/2022:20:03:52] (S): Done inserting product: Camera Zi Backpack .
[16/Feb/2022:20:03:54] (P): Inserting product: Kony Mirrorless Z .
[16/Feb/2022:20:03:55] (S): Done inserting product: Kony Mirrorless Z .
[16/Feb/2022:20:03:56] (P): Inserting product: VR Starter Kit .
[16/Feb/2022:20:03:57] (S): Done inserting product: VR Starter Kit .
[16/Feb/2022:20:03:58] (P): Inserting product: Singa Macro Lens .
[16/Feb/2022:20:03:58] (S): Done inserting product: Singa Macro Lens .
[16/Feb/2022:20:04:00] (P): Inserting product: DiRock Laptop .
[16/Feb/2022:20:04:00] (S): Done inserting product: DiRock Laptop .
[16/Feb/2022:20:04:01] (P): Inserting post: Pre-order ePhone Z .
[16/Feb/2022:20:04:02] (S): Done inserting post: Pre-order ePhone Z .
[16/Feb/2022:20:04:02] (P): Inserting post: ePad Pro Review .
[16/Feb/2022:20:04:02] (S): Done inserting post: ePad Pro Review .
[16/Feb/2022:20:04:03] (P): Inserting page: Home .
[16/Feb/2022:20:04:03] (S): Done inserting page: Home .
[16/Feb/2022:20:04:04] (P): Inserting page: Shop .
[16/Feb/2022:20:04:04] (S): Done inserting page: Shop .
[16/Feb/2022:20:04:04] (P): Inserting page: News .
[16/Feb/2022:20:04:04] (S): Done inserting page: News .
[16/Feb/2022:20:04:04] (P): Inserting page: About .
[16/Feb/2022:20:04:04] (S): Done inserting page: About .
[16/Feb/2022:20:04:05] (P): Inserting page: Contact .
[16/Feb/2022:20:04:05] (S): Done inserting page: Contact .
[16/Feb/2022:20:04:06] (S): Processed posts.
[16/Feb/2022:20:04:08] (P): Processing single menu item ' Product Page '...
[16/Feb/2022:20:04:08] (S): Processed single menu item.
[16/Feb/2022:20:04:08] (P): Processing single menu item ' '...
[16/Feb/2022:20:04:09] (S): Processed single menu item.
[16/Feb/2022:20:04:09] (P): Processing single menu item ' '...
[16/Feb/2022:20:04:09] (S): Processed single menu item.
[16/Feb/2022:20:04:09] (P): Processing single menu item ' '...
[16/Feb/2022:20:04:10] (S): Processed single menu item.
[16/Feb/2022:20:04:10] (P): Processing single menu item ' '...
[16/Feb/2022:20:04:10] (S): Processed single menu item.
[16/Feb/2022:20:04:10] (P): Processing single menu item ' '...
[16/Feb/2022:20:04:11] (S): Processed single menu item.
[16/Feb/2022:20:04:11] (P): Cleaning up import with id ...
[16/Feb/2022:20:04:11] (P): Done cleanup. Flushing cache...
[16/Feb/2022:20:04:11] (P): Flushed cache. Removing temporary data..
[16/Feb/2022:20:04:12] (S): Done importing
[16/Feb/2022:20:04:12] (P): Busting elementor cache
[16/Feb/2022:20:04:13] (S): Front page set up with id: 176.
[16/Feb/2022:20:04:13] (P): Setting up shop page.
[16/Feb/2022:20:04:13] (S): Shop pages set up.
